<?xml version="1.0" encoding="UTF-8"?>
<Site BuildName="(empty)"
	BuildStamp="20240111-2311-Experimental"
	Name="aristeujo-ros"
	Generator="ctest-3.16.3"
	CompilerName="/usr/bin/c++"
	CompilerVersion="9.4.0"
	OSName="Linux"
	Hostname="aristeujo-ros"
	OSRelease="5.15.0-91-generic"
	OSVersion="#101~20.04.1-Ubuntu SMP Thu Nov 16 14:22:28 UTC 2023"
	OSPlatform="x86_64"
	Is64Bits="1"
	VendorString="AuthenticAMD"
	VendorID="Advanced Micro Devices"
	FamilyID="25"
	ModelID="80"
	ProcessorCacheSize="512"
	NumberOfLogicalCPU="16"
	NumberOfPhysicalCPU="8"
	TotalVirtualMemory="2047"
	TotalPhysicalMemory="15346"
	LogicalProcessorsPerPhysical="2"
	ProcessorClockFrequency="4101.29"
	>
	<Testing>
		<StartDateTime>Jan 11 19:11 -04</StartDateTime>
		<StartTestTime>1705014705</StartTestTime>
		<TestList/>
		<EndDateTime>Jan 11 19:11 -04</EndDateTime>
		<EndTestTime>1705014705</EndTestTime>
		<ElapsedMinutes>0</ElapsedMinutes>
	</Testing>
</Site>
