<?xml version="1.0" encoding="UTF-8"?>
<Site BuildName="(empty)"
	BuildStamp="20240217-1559-Experimental"
	Name="aristeujo-ros"
	Generator="ctest-3.16.3"
	CompilerName="/usr/bin/c++"
	CompilerVersion="9.4.0"
	OSName="Linux"
	Hostname="aristeujo-ros"
	OSRelease="5.15.0-94-generic"
	OSVersion="#104~20.04.1-Ubuntu SMP Tue Jan 16 13:34:09 UTC 2024"
	OSPlatform="x86_64"
	Is64Bits="1"
	VendorString="AuthenticAMD"
	VendorID="Advanced Micro Devices"
	FamilyID="23"
	ModelID="24"
	ProcessorCacheSize="512"
	NumberOfLogicalCPU="8"
	NumberOfPhysicalCPU="4"
	TotalVirtualMemory="2047"
	TotalPhysicalMemory="30008"
	LogicalProcessorsPerPhysical="2"
	ProcessorClockFrequency="2387.74"
	>
	<Testing>
		<StartDateTime>Feb 17 13:48 -04</StartDateTime>
		<StartTestTime>1708192095</StartTestTime>
		<TestList/>
		<EndDateTime>Feb 17 13:48 -04</EndDateTime>
		<EndTestTime>1708192095</EndTestTime>
		<ElapsedMinutes>0</ElapsedMinutes>
	</Testing>
</Site>
