<?xml version="1.0" encoding="UTF-8"?>
<Site BuildName="(empty)"
	BuildStamp="20240118-2105-Experimental"
	Name="aristeujo-ros"
	Generator="ctest-3.16.3"
	CompilerName="/usr/bin/c++"
	CompilerVersion="9.4.0"
	OSName="Linux"
	Hostname="aristeujo-ros"
	OSRelease="5.15.0-67-generic"
	OSVersion="#74~20.04.1-Ubuntu SMP Wed Feb 22 14:52:34 UTC 2023"
	OSPlatform="x86_64"
	Is64Bits="1"
	VendorString="AuthenticAMD"
	VendorID="Advanced Micro Devices"
	FamilyID="23"
	ModelID="24"
	ProcessorCacheSize="512"
	NumberOfLogicalCPU="8"
	NumberOfPhysicalCPU="4"
	TotalVirtualMemory="2047"
	TotalPhysicalMemory="30021"
	LogicalProcessorsPerPhysical="2"
	ProcessorClockFrequency="2655.27"
	>
	<Testing>
		<StartDateTime>Jan 18 16:05 -05</StartDateTime>
		<StartTestTime>1705611926</StartTestTime>
		<TestList/>
		<EndDateTime>Jan 18 16:05 -05</EndDateTime>
		<EndTestTime>1705611926</EndTestTime>
		<ElapsedMinutes>0</ElapsedMinutes>
	</Testing>
</Site>
