<?xml version="1.0" encoding="UTF-8"?>
<Site BuildName="(empty)"
	BuildStamp="20240124-1948-Experimental"
	Name="graest-ros"
	Generator="ctest-3.16.3"
	CompilerName="/usr/bin/c++"
	CompilerVersion="9.4.0"
	OSName="Linux"
	Hostname="graest-ros"
	OSRelease="5.15.0-91-generic"
	OSVersion="#101~20.04.1-Ubuntu SMP Thu Nov 16 14:22:28 UTC 2023"
	OSPlatform="x86_64"
	Is64Bits="1"
	VendorString="GenuineIntel"
	VendorID="Intel Corporation"
	FamilyID="6"
	ModelID="165"
	ProcessorCacheSize="12288"
	NumberOfLogicalCPU="12"
	NumberOfPhysicalCPU="6"
	TotalVirtualMemory="2047"
	TotalPhysicalMemory="15825"
	LogicalProcessorsPerPhysical="2"
	ProcessorClockFrequency="2900"
	>
	<Testing>
		<StartDateTime>Jan 24 15:55 -04</StartDateTime>
		<StartTestTime>1706126111</StartTestTime>
		<TestList/>
		<EndDateTime>Jan 24 15:55 -04</EndDateTime>
		<EndTestTime>1706126111</EndTestTime>
		<ElapsedMinutes>0</ElapsedMinutes>
	</Testing>
</Site>
